<?xml version="1.0" encoding="UTF-8"?>
<!-- Generated by org.testng.reporters.JUnitReportReporter -->
<testsuite hostname="DESKTOP-6ABLJG4" failures="0" tests="1" name="TestCases.TC1_LoginTest" time="10.101" errors="0" timestamp="2024-06-12T05:55:20 IST" skipped="0">
  <testcase classname="TestCases.TC1_LoginTest" name="TC_LoginTest" time="10.101"/>
</testsuite> <!-- TestCases.TC1_LoginTest -->
